[0m[1maws_iam_role.faas-evaluation: Creating...[0m[0m
[0m[1maws_api_gateway_rest_api.get-rest-api: Creating...[0m[0m
[0m[1maws_dynamodb_table.ddbtable: Creating...[0m[0m
[0m[1maws_iam_policy.basic-lambda-policy: Creating...[0m[0m
[0m[1maws_s3_bucket.b: Creating...[0m[0m
[0m[1maws_api_gateway_rest_api.post-rest-api: Creating...[0m[0m
[0m[1maws_api_gateway_rest_api.delete-rest-api: Creating...[0m[0m
[0m[1maws_iam_role.faas-evaluation: Creation complete after 1s [id=faas-evaluation][0m[0m
[0m[1maws_iam_policy.dynamodb-policy: Creating...[0m[0m
[0m[1maws_iam_policy.basic-lambda-policy: Creation complete after 2s [id=arn:aws:iam::270561134573:policy/terraform-20201212160946096300000001][0m[0m
[0m[1maws_api_gateway_rest_api.post-rest-api: Creation complete after 2s [id=yullh5cmw7][0m[0m
[0m[1maws_iam_role_policy_attachment.iam-role-policy: Creating...[0m[0m
[0m[1maws_api_gateway_rest_api.delete-rest-api: Creation complete after 2s [id=c6ihruj919][0m[0m
[0m[1maws_api_gateway_rest_api.get-rest-api: Creation complete after 2s [id=hjz46vw6ci][0m[0m
[0m[1maws_api_gateway_method.post-proxy-method-root: Creating...[0m[0m
[0m[1maws_api_gateway_method.delete-proxy-method-root: Creating...[0m[0m
[0m[1maws_api_gateway_resource.post-proxy-resource: Creating...[0m[0m
[0m[1maws_api_gateway_resource.delete-proxy-resource: Creating...[0m[0m
[0m[1maws_api_gateway_resource.get-proxy-resource: Creating...[0m[0m
[0m[1maws_api_gateway_method.get-proxy-method-root: Creating...[0m[0m
[0m[1maws_api_gateway_method.post-proxy-method-root: Creation complete after 1s [id=agm-yullh5cmw7-1i9udx9lce-ANY][0m[0m
[0m[1maws_api_gateway_method.delete-proxy-method-root: Creation complete after 1s [id=agm-c6ihruj919-qdpsv2e42f-ANY][0m[0m
[0m[1maws_api_gateway_method.get-proxy-method-root: Creation complete after 1s [id=agm-hjz46vw6ci-mjosmadky9-ANY][0m[0m
[0m[1maws_iam_policy.dynamodb-policy: Creation complete after 1s [id=arn:aws:iam::270561134573:policy/terraform-20201212160947558000000002][0m[0m
[0m[1maws_iam_role_policy_attachment.dynamodb-policy: Creating...[0m[0m
[0m[1maws_api_gateway_resource.post-proxy-resource: Creation complete after 2s [id=5jw9k2][0m[0m
[0m[1maws_api_gateway_resource.get-proxy-resource: Creation complete after 2s [id=hsxm79][0m[0m
[0m[1maws_iam_role_policy_attachment.iam-role-policy: Creation complete after 2s [id=faas-evaluation-20201212160949033000000003][0m[0m
[0m[1maws_api_gateway_method.post-proxy-method: Creating...[0m[0m
[0m[1maws_api_gateway_method.get-proxy-method: Creating...[0m[0m
[0m[1maws_api_gateway_resource.delete-proxy-resource: Creation complete after 2s [id=i7hcxr][0m[0m
[0m[1maws_api_gateway_method.delete-proxy-method: Creating...[0m[0m
[0m[1maws_api_gateway_method.post-proxy-method: Creation complete after 0s [id=agm-yullh5cmw7-5jw9k2-ANY][0m[0m
[0m[1maws_api_gateway_method.get-proxy-method: Creation complete after 0s [id=agm-hjz46vw6ci-hsxm79-ANY][0m[0m
[0m[1maws_api_gateway_method.delete-proxy-method: Creation complete after 1s [id=agm-c6ihruj919-i7hcxr-ANY][0m[0m
[0m[1maws_iam_role_policy_attachment.dynamodb-policy: Creation complete after 2s [id=faas-evaluation-20201212160950137000000004][0m[0m
[0m[1maws_dynamodb_table.ddbtable: Creation complete after 10s [id=covid19][0m[0m
[0m[1maws_s3_bucket.b: Still creating... [10s elapsed][0m[0m
[0m[1maws_s3_bucket.b: Creation complete after 12s [id=unbfaas][0m[0m
[0m[1maws_s3_bucket_object.post-object: Creating...[0m[0m
[0m[1maws_s3_bucket_object.delete-object: Creating...[0m[0m
[0m[1maws_s3_bucket_object.get-object: Creating...[0m[0m
[0m[1maws_s3_bucket_object.delete-object: Creation complete after 1s [id=delete.zip][0m[0m
[0m[1maws_s3_bucket_object.post-object: Creation complete after 2s [id=post.zip][0m[0m
[0m[1maws_lambda_function.delete-faas: Creating...[0m[0m
[0m[1maws_lambda_function.post-faas: Creating...[0m[0m
[0m[1maws_s3_bucket_object.get-object: Creation complete after 2s [id=get.zip][0m[0m
[0m[1maws_lambda_function.get-faas: Creating...[0m[0m
[0m[1maws_lambda_function.post-faas: Creation complete after 8s [id=faas-evaluation-post][0m[0m
[0m[1maws_lambda_alias.post-alias: Creating...[0m[0m
[0m[1maws_api_gateway_integration.post-lambda_root: Creating...[0m[0m
[0m[1maws_lambda_permission.post-allow-dynamodb: Creating...[0m[0m
[0m[1maws_lambda_permission.post-allow-apigateway: Creating...[0m[0m
[0m[1maws_api_gateway_integration.post-lambda: Creating...[0m[0m
[0m[1maws_lambda_function.delete-faas: Creation complete after 8s [id=faas-evaluation-delete][0m[0m
[0m[1maws_lambda_permission.delete-allow-dynamodb: Creating...[0m[0m
[0m[1maws_lambda_alias.delete-alias: Creating...[0m[0m
[0m[1maws_api_gateway_integration.delete-lambda_root: Creating...[0m[0m
[0m[1maws_api_gateway_integration.delete-lambda: Creating...[0m[0m
[0m[1maws_lambda_function.get-faas: Creation complete after 9s [id=faas-evaluation-get][0m[0m
[0m[1maws_lambda_permission.delete-allow-apigateway: Creating...[0m[0m
[0m[1maws_lambda_alias.post-alias: Creation complete after 1s [id=arn:aws:lambda:us-east-1:270561134573:function:faas-evaluation-post:post-alias][0m[0m
[0m[1maws_lambda_permission.post-allow-dynamodb: Creation complete after 1s [id=AllowDynamoDBInvoke][0m[0m
[0m[1maws_api_gateway_integration.post-lambda: Creation complete after 2s [id=agi-yullh5cmw7-5jw9k2-ANY][0m[0m
[0m[1maws_lambda_alias.get-alias: Creating...[0m[0m
[0m[1maws_api_gateway_integration.get-lambda_root: Creating...[0m[0m
[0m[1maws_lambda_permission.get-allow-apigateway: Creating...[0m[0m
[0m[1maws_api_gateway_integration.post-lambda_root: Creation complete after 2s [id=agi-yullh5cmw7-1i9udx9lce-ANY][0m[0m
[0m[1maws_lambda_alias.delete-alias: Creation complete after 2s [id=arn:aws:lambda:us-east-1:270561134573:function:faas-evaluation-delete:delete-alias][0m[0m
[0m[1maws_lambda_permission.delete-allow-dynamodb: Creation complete after 2s [id=AllowDynamoDBInvoke][0m[0m
[0m[1maws_api_gateway_integration.delete-lambda_root: Creation complete after 2s [id=agi-c6ihruj919-qdpsv2e42f-ANY][0m[0m
[0m[1maws_api_gateway_integration.delete-lambda: Creation complete after 2s [id=agi-c6ihruj919-i7hcxr-ANY][0m[0m
[0m[1maws_lambda_permission.get-allow-dynamodb: Creating...[0m[0m
[0m[1maws_api_gateway_integration.get-lambda: Creating...[0m[0m
[0m[1maws_lambda_permission.post-allow-cloudwatch: Creating...[0m[0m
[0m[1maws_api_gateway_deployment.post-deploy: Creating...[0m[0m
[0m[1maws_lambda_permission.delete-allow-cloudwatch: Creating...[0m[0m
[0m[1maws_lambda_permission.post-allow-apigateway: Creation complete after 3s [id=AllowAPIGatewayInvoke][0m[0m
[0m[1maws_api_gateway_deployment.delete-deploy: Creating...[0m[0m
[0m[1maws_lambda_permission.get-allow-apigateway: Creation complete after 1s [id=AllowAPIGatewayInvoke][0m[0m
[0m[1maws_lambda_alias.get-alias: Creation complete after 1s [id=arn:aws:lambda:us-east-1:270561134573:function:faas-evaluation-get:get-alias][0m[0m
[0m[1maws_api_gateway_integration.get-lambda_root: Creation complete after 1s [id=agi-hjz46vw6ci-mjosmadky9-ANY][0m[0m
[0m[1maws_lambda_permission.delete-allow-apigateway: Creation complete after 2s [id=AllowAPIGatewayInvoke][0m[0m
[0m[1maws_lambda_permission.get-allow-cloudwatch: Creating...[0m[0m
[0m[1maws_api_gateway_integration.get-lambda: Creation complete after 1s [id=agi-hjz46vw6ci-hsxm79-ANY][0m[0m
[0m[1maws_api_gateway_deployment.get-deploy: Creating...[0m[0m
[0m[1maws_api_gateway_deployment.post-deploy: Creation complete after 2s [id=8qzqul][0m[0m
[0m[1maws_lambda_permission.post-allow-cloudwatch: Creation complete after 2s [id=AllowExecutionFromCloudWatch][0m[0m
[0m[1maws_lambda_permission.delete-allow-cloudwatch: Creation complete after 2s [id=AllowExecutionFromCloudWatch][0m[0m
[0m[1maws_lambda_permission.get-allow-dynamodb: Creation complete after 2s [id=AllowDynamoDBInvoke][0m[0m
[0m[1maws_lambda_permission.get-allow-cloudwatch: Creation complete after 2s [id=AllowExecutionFromCloudWatch][0m[0m
[0m[1maws_api_gateway_deployment.get-deploy: Creation complete after 6s [id=n2vi9n][0m[0m
[0m[1maws_api_gateway_deployment.delete-deploy: Still creating... [10s elapsed][0m[0m
[0m[1maws_api_gateway_deployment.delete-deploy: Creation complete after 14s [id=ycwxa3][0m[0m
[0m[1m[32m
Apply complete! Resources: 46 added, 0 changed, 0 destroyed.[0m
[0m[1m[32m
Outputs:

faas_aws_delete_url = https://c6ihruj919.execute-api.us-east-1.amazonaws.com/faas-evaluation-delete
faas_aws_get_url = https://hjz46vw6ci.execute-api.us-east-1.amazonaws.com/faas-evaluation-get
faas_aws_post_url = https://yullh5cmw7.execute-api.us-east-1.amazonaws.com/faas-evaluation-post[0m
